<?xml version="1.0" encoding="UTF-8"?>
<!-- Generated by org.testng.reporters.JUnitXMLReporter -->
<testsuite ignored="0" hostname="RajRani" failures="0" tests="3" name="Default test" time="100.677" errors="0" timestamp="2024-04-02T08:51:20 IST">
  <testcase classname="testcases.myFirstTestCases" name="login" time="26.49"/>
  <testcase classname="testcases.myFirstTestCases" name="login" time="26.493"/>
  <testcase classname="testcases.myFirstTestCases" name="login" time="27.386"/>
</testsuite> <!-- Default test -->
