<?xml version="1.0" encoding="UTF-8"?>
<!-- Generated by org.testng.reporters.JUnitXMLReporter -->
<testsuite ignored="0" hostname="RajRani" failures="0" tests="3" name="Test" time="101.783" errors="0" timestamp="2024-04-04T08:24:36 IST">
  <testcase classname="testcases.myFirstTestCasesTest" name="login" time="26.363"/>
  <testcase classname="testcases.myFirstTestCasesTest" name="login" time="26.294"/>
  <testcase classname="testcases.myFirstTestCasesTest" name="login" time="26.872"/>
</testsuite> <!-- Test -->
