<?xml version="1.0" encoding="UTF-8"?>
<!-- Generated by org.testng.reporters.JUnitXMLReporter -->
<testsuite ignored="0" hostname="RajRani" failures="0" tests="3" name="Test" time="131.634" errors="0" timestamp="2024-04-04T11:16:15 IST">
  <testcase classname="testcases.myFirstTestCasesTest" name="login" time="27.938"/>
  <testcase classname="testcases.myFirstTestCasesTest" name="login" time="28.11"/>
  <testcase classname="testcases.myFirstTestCasesTest" name="login" time="28.126"/>
</testsuite> <!-- Test -->
