<?xml version="1.0" encoding="UTF-8"?>
<testng-results ignored="0" total="3" passed="3" failed="0" skipped="0">
  <reporter-output>
  </reporter-output>
  <suite started-at="2024-04-04T08:22:53 IST" name="Suite" finished-at="2024-04-04T08:24:35 IST" duration-ms="101783">
    <groups>
    </groups>
    <test started-at="2024-04-04T08:22:53 IST" name="Test" finished-at="2024-04-04T08:24:35 IST" duration-ms="101783">
      <class name="testcases.myFirstTestCasesTest">
        <test-method is-config="true" signature="setup()[pri:0, instance:testcases.myFirstTestCasesTest@7e6f74c]" started-at="2024-04-04T08:22:55 IST" name="setup" finished-at="2024-04-04T08:23:01 IST" duration-ms="5581" status="PASS">
          <reporter-output>
          </reporter-output>
        </test-method> <!-- setup -->
        <test-method signature="login(java.lang.String,java.lang.String)[pri:0, instance:testcases.myFirstTestCasesTest@7e6f74c]" started-at="2024-04-04T08:23:01 IST" name="login" data-provider="bdd" finished-at="2024-04-04T08:23:27 IST" duration-ms="26363" status="PASS">
          <params>
            <param index="0">
              <value>
                <![CDATA[aa@aa.com]]>
              </value>
            </param>
            <param index="1">
              <value>
                <![CDATA[a12]]>
              </value>
            </param>
          </params>
          <reporter-output>
          </reporter-output>
        </test-method> <!-- login -->
        <test-method is-config="true" signature="tearDown()[pri:0, instance:testcases.myFirstTestCasesTest@7e6f74c]" started-at="2024-04-04T08:23:27 IST" name="tearDown" finished-at="2024-04-04T08:23:27 IST" duration-ms="161" status="PASS">
          <reporter-output>
          </reporter-output>
        </test-method> <!-- tearDown -->
        <test-method is-config="true" signature="setup()[pri:0, instance:testcases.myFirstTestCasesTest@7e6f74c]" started-at="2024-04-04T08:23:27 IST" name="setup" finished-at="2024-04-04T08:23:36 IST" duration-ms="8310" status="PASS">
          <reporter-output>
          </reporter-output>
        </test-method> <!-- setup -->
        <test-method signature="login(java.lang.String,java.lang.String)[pri:0, instance:testcases.myFirstTestCasesTest@7e6f74c]" started-at="2024-04-04T08:23:36 IST" name="login" data-provider="bdd" finished-at="2024-04-04T08:24:02 IST" duration-ms="26294" status="PASS">
          <params>
            <param index="0">
              <value>
                <![CDATA[bb@bb.com]]>
              </value>
            </param>
            <param index="1">
              <value>
                <![CDATA[bkk]]>
              </value>
            </param>
          </params>
          <reporter-output>
          </reporter-output>
        </test-method> <!-- login -->
        <test-method is-config="true" signature="tearDown()[pri:0, instance:testcases.myFirstTestCasesTest@7e6f74c]" started-at="2024-04-04T08:24:02 IST" name="tearDown" finished-at="2024-04-04T08:24:02 IST" duration-ms="98" status="PASS">
          <reporter-output>
          </reporter-output>
        </test-method> <!-- tearDown -->
        <test-method is-config="true" signature="setup()[pri:0, instance:testcases.myFirstTestCasesTest@7e6f74c]" started-at="2024-04-04T08:24:02 IST" name="setup" finished-at="2024-04-04T08:24:08 IST" duration-ms="5753" status="PASS">
          <reporter-output>
          </reporter-output>
        </test-method> <!-- setup -->
        <test-method signature="login(java.lang.String,java.lang.String)[pri:0, instance:testcases.myFirstTestCasesTest@7e6f74c]" started-at="2024-04-04T08:24:08 IST" name="login" data-provider="bdd" finished-at="2024-04-04T08:24:35 IST" duration-ms="26872" status="PASS">
          <params>
            <param index="0">
              <value>
                <![CDATA[jpthekaul@gmail.com]]>
              </value>
            </param>
            <param index="1">
              <value>
                <![CDATA[Dochangeme1!]]>
              </value>
            </param>
          </params>
          <reporter-output>
          </reporter-output>
        </test-method> <!-- login -->
        <test-method is-config="true" signature="tearDown()[pri:0, instance:testcases.myFirstTestCasesTest@7e6f74c]" started-at="2024-04-04T08:24:35 IST" name="tearDown" finished-at="2024-04-04T08:24:35 IST" duration-ms="168" status="PASS">
          <reporter-output>
          </reporter-output>
        </test-method> <!-- tearDown -->
      </class> <!-- testcases.myFirstTestCasesTest -->
    </test> <!-- Test -->
  </suite> <!-- Suite -->
</testng-results>
